Confusion matrix after labelling of the GMM:
	For descriptor filter "B"
+------------+------------+------------+------------+------------+------------+------------+------------+------------+------------+------------+------------+------------+------------+------------+------------+------------+------------+------------+------------+------------+
|            |   delta3   |    chi4    |    chi3    |   delta5   |   alpha7   |   beta13   |   alpha    |   beta11   |    chi2    |   beta10   |   alpha5   |   beta4    |   alpha6   |   alpha2   |   alpha4   |   beta8    |   beta12   |   alpha1   |   beta5    |   delta4   |
+------------+------------+------------+------------+------------+------------+------------+------------+------------+------------+------------+------------+------------+------------+------------+------------+------------+------------+------------+------------+------------+
|   delta3   |  0.999997  |  0.000000  |  0.000000  |  0.000000  |  0.000000  |  0.000003  |  0.000000  |  0.000000  |  0.000000  |  0.000000  |  0.000000  |  0.000000  |  0.000000  |  0.000000  |  0.000000  |  0.000000  |  0.000000  |  0.000000  |  0.000000  |  0.000000  |
+------------+------------+------------+------------+------------+------------+------------+------------+------------+------------+------------+------------+------------+------------+------------+------------+------------+------------+------------+------------+------------+
|    chi4    |  0.000000  |  0.999742  |  0.000000  |  0.000003  |  0.000151  |  0.000000  |  0.000005  |  0.000000  |  0.000000  |  0.000000  |  0.000021  |  0.000001  |  0.000029  |  0.000028  |  0.000008  |  0.000001  |  0.000000  |  0.000011  |  0.000000  |  0.000000  |
+------------+------------+------------+------------+------------+------------+------------+------------+------------+------------+------------+------------+------------+------------+------------+------------+------------+------------+------------+------------+------------+
|    chi3    |  0.000000  |  0.000000  |  0.999988  |  0.000000  |  0.000001  |  0.000000  |  0.000000  |  0.000000  |  0.000001  |  0.000000  |  0.000001  |  0.000000  |  0.000000  |  0.000007  |  0.000002  |  0.000000  |  0.000000  |  0.000000  |  0.000000  |  0.000000  |
+------------+------------+------------+------------+------------+------------+------------+------------+------------+------------+------------+------------+------------+------------+------------+------------+------------+------------+------------+------------+------------+
|   delta5   |  0.000000  |  0.000000  |  0.000000  |  0.950507  |  0.000013  |  0.000000  |  0.000002  |  0.000000  |  0.000232  |  0.000000  |  0.000001  |  0.000001  |  0.000013  |  0.049025  |  0.000157  |  0.000002  |  0.000000  |  0.000046  |  0.000000  |  0.000000  |
+------------+------------+------------+------------+------------+------------+------------+------------+------------+------------+------------+------------+------------+------------+------------+------------+------------+------------+------------+------------+------------+
|   alpha7   |  0.000000  |  0.000000  |  0.000000  |  0.000001  |  0.844791  |  0.000000  |  0.000199  |  0.000000  |  0.000001  |  0.000015  |  0.006997  |  0.001083  |  0.125429  |  0.001990  |  0.015540  |  0.002974  |  0.000003  |  0.000014  |  0.000962  |  0.000000  |
+------------+------------+------------+------------+------------+------------+------------+------------+------------+------------+------------+------------+------------+------------+------------+------------+------------+------------+------------+------------+------------+
|   beta13   |  0.000027  |  0.000000  |  0.000000  |  0.000000  |  0.000045  |  0.998659  |  0.000081  |  0.000000  |  0.000000  |  0.000000  |  0.000000  |  0.000573  |  0.000029  |  0.000000  |  0.000003  |  0.000020  |  0.000000  |  0.000000  |  0.000562  |  0.000000  |
+------------+------------+------------+------------+------------+------------+------------+------------+------------+------------+------------+------------+------------+------------+------------+------------+------------+------------+------------+------------+------------+
|   alpha    |  0.000000  |  0.000000  |  0.000000  |  0.000001  |  0.000199  |  0.000000  |  0.809509  |  0.000000  |  0.000000  |  0.000000  |  0.000001  |  0.171744  |  0.000269  |  0.001993  |  0.008290  |  0.000001  |  0.000000  |  0.000041  |  0.007954  |  0.000000  |
+------------+------------+------------+------------+------------+------------+------------+------------+------------+------------+------------+------------+------------+------------+------------+------------+------------+------------+------------+------------+------------+
|   beta11   |  0.000000  |  0.000000  |  0.000000  |  0.000000  |  0.000089  |  0.000000  |  0.000000  |  0.999732  |  0.000005  |  0.000004  |  0.000030  |  0.000000  |  0.000029  |  0.000007  |  0.000014  |  0.000045  |  0.000000  |  0.000045  |  0.000001  |  0.000000  |
+------------+------------+------------+------------+------------+------------+------------+------------+------------+------------+------------+------------+------------+------------+------------+------------+------------+------------+------------+------------+------------+
|    chi2    |  0.000000  |  0.000006  |  0.000000  |  0.008626  |  0.000127  |  0.000000  |  0.000005  |  0.000179  |  0.987260  |  0.000000  |  0.000002  |  0.000004  |  0.000016  |  0.001474  |  0.002262  |  0.000027  |  0.000000  |  0.000011  |  0.000001  |  0.000000  |
+------------+------------+------------+------------+------------+------------+------------+------------+------------+------------+------------+------------+------------+------------+------------+------------+------------+------------+------------+------------+------------+
|   beta10   |  0.000000  |  0.000000  |  0.000000  |  0.000000  |  0.000191  |  0.000001  |  0.000000  |  0.000002  |  0.000000  |  0.959684  |  0.000045  |  0.000002  |  0.000018  |  0.000009  |  0.000037  |  0.040007  |  0.000001  |  0.000003  |  0.000001  |  0.000000  |
+------------+------------+------------+------------+------------+------------+------------+------------+------------+------------+------------+------------+------------+------------+------------+------------+------------+------------+------------+------------+------------+
|   alpha5   |  0.000000  |  0.000000  |  0.000000  |  0.000000  |  0.006257  |  0.000000  |  0.000001  |  0.000000  |  0.000000  |  0.000000  |  0.965697  |  0.000291  |  0.026584  |  0.000065  |  0.000405  |  0.000346  |  0.000054  |  0.000001  |  0.000299  |  0.000000  |
+------------+------------+------------+------------+------------+------------+------------+------------+------------+------------+------------+------------+------------+------------+------------+------------+------------+------------+------------+------------+------------+
|   beta4    |  0.000000  |  0.000000  |  0.000000  |  0.000000  |  0.001416  |  0.000007  |  0.235308  |  0.000000  |  0.000000  |  0.000000  |  0.000355  |  0.505373  |  0.003033  |  0.001792  |  0.005535  |  0.000046  |  0.000037  |  0.000024  |  0.247074  |  0.000000  |
+------------+------------+------------+------------+------------+------------+------------+------------+------------+------------+------------+------------+------------+------------+------------+------------+------------+------------+------------+------------+------------+
|   alpha6   |  0.000000  |  0.000000  |  0.000000  |  0.000001  |  0.141398  |  0.000000  |  0.000272  |  0.000000  |  0.000000  |  0.000000  |  0.051171  |  0.003944  |  0.790672  |  0.002080  |  0.005704  |  0.000879  |  0.000044  |  0.000019  |  0.003815  |  0.000000  |
+------------+------------+------------+------------+------------+------------+------------+------------+------------+------------+------------+------------+------------+------------+------------+------------+------------+------------+------------+------------+------------+
|   alpha2   |  0.000000  |  0.000000  |  0.000000  |  0.039164  |  0.002582  |  0.000000  |  0.003882  |  0.000000  |  0.000029  |  0.000000  |  0.000205  |  0.002413  |  0.002672  |  0.839309  |  0.108625  |  0.000098  |  0.000001  |  0.000896  |  0.000124  |  0.000000  |
+------------+------------+------------+------------+------------+------------+------------+------------+------------+------------+------------+------------+------------+------------+------------+------------+------------+------------+------------+------------+------------+
|   alpha4   |  0.000000  |  0.000000  |  0.000000  |  0.000094  |  0.027634  |  0.000000  |  0.020438  |  0.000000  |  0.000020  |  0.000003  |  0.002007  |  0.009755  |  0.012244  |  0.171717  |  0.750594  |  0.001839  |  0.000004  |  0.002495  |  0.001156  |  0.000000  |
+------------+------------+------------+------------+------------+------------+------------+------------+------------+------------+------------+------------+------------+------------+------------+------------+------------+------------+------------+------------+------------+
|   beta8    |  0.000000  |  0.000000  |  0.000000  |  0.000000  |  0.005716  |  0.000026  |  0.000000  |  0.000000  |  0.000000  |  0.028529  |  0.000958  |  0.000069  |  0.001728  |  0.000108  |  0.001809  |  0.960974  |  0.000009  |  0.000007  |  0.000067  |  0.000000  |
+------------+------------+------------+------------+------------+------------+------------+------------+------------+------------+------------+------------+------------+------------+------------+------------+------------+------------+------------+------------+------------+
|   beta12   |  0.000000  |  0.000000  |  0.000000  |  0.000000  |  0.000042  |  0.000000  |  0.000000  |  0.000000  |  0.000000  |  0.000001  |  0.000657  |  0.000272  |  0.000398  |  0.000003  |  0.000017  |  0.000085  |  0.998262  |  0.000000  |  0.000264  |  0.000000  |
+------------+------------+------------+------------+------------+------------+------------+------------+------------+------------+------------+------------+------------+------------+------------+------------+------------+------------+------------+------------+------------+
|   alpha1   |  0.000000  |  0.000001  |  0.000000  |  0.000118  |  0.001075  |  0.000000  |  0.000085  |  0.000000  |  0.000002  |  0.000003  |  0.001196  |  0.000063  |  0.001090  |  0.004638  |  0.008065  |  0.000132  |  0.000000  |  0.983524  |  0.000007  |  0.000000  |
+------------+------------+------------+------------+------------+------------+------------+------------+------------+------------+------------+------------+------------+------------+------------+------------+------------+------------+------------+------------+------------+
|   beta5    |  0.000000  |  0.000000  |  0.000000  |  0.000000  |  0.002037  |  0.000014  |  0.026486  |  0.000000  |  0.000000  |  0.000000  |  0.000577  |  0.403775  |  0.004502  |  0.000290  |  0.001652  |  0.000060  |  0.000058  |  0.000003  |  0.560547  |  0.000000  |
+------------+------------+------------+------------+------------+------------+------------+------------+------------+------------+------------+------------+------------+------------+------------+------------+------------+------------+------------+------------+------------+
|   delta4   |  0.000000  |  0.000000  |  0.000000  |  0.000000  |  0.000000  |  0.000000  |  0.000000  |  0.000000  |  0.000000  |  0.000000  |  0.000000  |  0.000000  |  0.000000  |  0.000000  |  0.000000  |  0.000000  |  0.000000  |  0.000000  |  0.000000  |  1.000000  |
+------------+------------+------------+------------+------------+------------+------------+------------+------------+------------+------------+------------+------------+------------+------------+------------+------------+------------+------------+------------+------------+
	For descriptor filter "X"
+------------+------------+------------+------------+------------+------------+------------+------------+------------+------------+------------+------------+------------+------------+------------+------------+------------+------------+------------+------------+------------+
|            |   delta3   |    chi4    |    chi3    |   delta5   |   alpha7   |   beta13   |   alpha    |   beta11   |    chi2    |   beta10   |   alpha5   |   beta4    |   alpha6   |   alpha2   |   alpha4   |   beta8    |   beta12   |   alpha1   |   beta5    |   delta4   |
+------------+------------+------------+------------+------------+------------+------------+------------+------------+------------+------------+------------+------------+------------+------------+------------+------------+------------+------------+------------+------------+
|   delta3   |  0.999966  |  0.000000  |  0.000000  |  0.000000  |  0.000000  |  0.000000  |  0.000000  |  0.000000  |  0.000000  |  0.000000  |  0.000000  |  0.000000  |  0.000000  |  0.000000  |  0.000000  |  0.000000  |  0.000000  |  0.000000  |  0.000000  |  0.000000  |
+------------+------------+------------+------------+------------+------------+------------+------------+------------+------------+------------+------------+------------+------------+------------+------------+------------+------------+------------+------------+------------+
|    chi4    |  0.000000  |  0.999992  |  0.000000  |  0.000000  |  0.000004  |  0.000000  |  0.000000  |  0.000000  |  0.000000  |  0.000000  |  0.000003  |  0.000000  |  0.000001  |  0.000000  |  0.000000  |  0.000000  |  0.000000  |  0.000000  |  0.000000  |  0.000000  |
+------------+------------+------------+------------+------------+------------+------------+------------+------------+------------+------------+------------+------------+------------+------------+------------+------------+------------+------------+------------+------------+
|    chi3    |  0.000000  |  0.000000  |  1.000000  |  0.000000  |  0.000000  |  0.000000  |  0.000000  |  0.000000  |  0.000000  |  0.000000  |  0.000000  |  0.000000  |  0.000000  |  0.000000  |  0.000000  |  0.000000  |  0.000000  |  0.000000  |  0.000000  |  0.000000  |
+------------+------------+------------+------------+------------+------------+------------+------------+------------+------------+------------+------------+------------+------------+------------+------------+------------+------------+------------+------------+------------+
|   delta5   |  0.000000  |  0.000000  |  0.000000  |  0.991935  |  0.000000  |  0.000000  |  0.000000  |  0.000000  |  0.000001  |  0.000000  |  0.000002  |  0.000000  |  0.000000  |  0.008054  |  0.000008  |  0.000000  |  0.000000  |  0.000000  |  0.000000  |  0.000000  |
+------------+------------+------------+------------+------------+------------+------------+------------+------------+------------+------------+------------+------------+------------+------------+------------+------------+------------+------------+------------+------------+
|   alpha7   |  0.000000  |  0.000001  |  0.000000  |  0.000000  |  0.457228  |  0.000000  |  0.001237  |  0.000000  |  0.000001  |  0.000002  |  0.179233  |  0.004416  |  0.349478  |  0.003407  |  0.003381  |  0.000001  |  0.000000  |  0.000000  |  0.001614  |  0.000000  |
+------------+------------+------------+------------+------------+------------+------------+------------+------------+------------+------------+------------+------------+------------+------------+------------+------------+------------+------------+------------+------------+
|   beta13   |  0.000000  |  0.000000  |  0.000000  |  0.000000  |  0.000013  |  0.999719  |  0.000001  |  0.000000  |  0.000000  |  0.000000  |  0.000025  |  0.000071  |  0.000009  |  0.000000  |  0.000000  |  0.000000  |  0.000000  |  0.000000  |  0.000161  |  0.000000  |
+------------+------------+------------+------------+------------+------------+------------+------------+------------+------------+------------+------------+------------+------------+------------+------------+------------+------------+------------+------------+------------+
|   alpha    |  0.000000  |  0.000000  |  0.000000  |  0.000000  |  0.002182  |  0.000000  |  0.803881  |  0.000000  |  0.000000  |  0.000000  |  0.026015  |  0.164693  |  0.002025  |  0.000789  |  0.000028  |  0.000000  |  0.000000  |  0.000000  |  0.000387  |  0.000000  |
+------------+------------+------------+------------+------------+------------+------------+------------+------------+------------+------------+------------+------------+------------+------------+------------+------------+------------+------------+------------+------------+
|   beta11   |  0.000000  |  0.000000  |  0.000000  |  0.000000  |  0.000000  |  0.000000  |  0.000000  |  1.000000  |  0.000000  |  0.000000  |  0.000000  |  0.000000  |  0.000000  |  0.000000  |  0.000000  |  0.000000  |  0.000000  |  0.000000  |  0.000000  |  0.000000  |
+------------+------------+------------+------------+------------+------------+------------+------------+------------+------------+------------+------------+------------+------------+------------+------------+------------+------------+------------+------------+------------+
|    chi2    |  0.000000  |  0.000000  |  0.000000  |  0.000001  |  0.000018  |  0.000000  |  0.000000  |  0.000000  |  0.999624  |  0.000000  |  0.000025  |  0.000017  |  0.000013  |  0.000274  |  0.000001  |  0.000000  |  0.000000  |  0.000000  |  0.000027  |  0.000000  |
+------------+------------+------------+------------+------------+------------+------------+------------+------------+------------+------------+------------+------------+------------+------------+------------+------------+------------+------------+------------+------------+
|   beta10   |  0.000000  |  0.000000  |  0.000000  |  0.000000  |  0.000003  |  0.000000  |  0.000000  |  0.000000  |  0.000000  |  0.549804  |  0.000001  |  0.000002  |  0.000006  |  0.000000  |  0.000000  |  0.450182  |  0.000001  |  0.000000  |  0.000002  |  0.000000  |
+------------+------------+------------+------------+------------+------------+------------+------------+------------+------------+------------+------------+------------+------------+------------+------------+------------+------------+------------+------------+------------+
|   alpha5   |  0.000000  |  0.000001  |  0.000000  |  0.000001  |  0.228934  |  0.000000  |  0.018913  |  0.000000  |  0.000009  |  0.000001  |  0.588314  |  0.025177  |  0.110481  |  0.020734  |  0.003689  |  0.000000  |  0.000000  |  0.000000  |  0.003746  |  0.000000  |
+------------+------------+------------+------------+------------+------------+------------+------------+------------+------------+------------+------------+------------+------------+------------+------------+------------+------------+------------+------------+------------+
|   beta4    |  0.000000  |  0.000000  |  0.000000  |  0.000000  |  0.002599  |  0.000059  |  0.258270  |  0.000000  |  0.000002  |  0.000001  |  0.011765  |  0.249483  |  0.002074  |  0.000239  |  0.000009  |  0.000000  |  0.000000  |  0.000000  |  0.475499  |  0.000000  |
+------------+------------+------------+------------+------------+------------+------------+------------+------------+------------+------------+------------+------------+------------+------------+------------+------------+------------+------------+------------+------------+
|   alpha6   |  0.000000  |  0.000000  |  0.000000  |  0.000000  |  0.389835  |  0.000000  |  0.001285  |  0.000000  |  0.000000  |  0.000004  |  0.096215  |  0.004068  |  0.505051  |  0.001049  |  0.001151  |  0.000002  |  0.000000  |  0.000000  |  0.001338  |  0.000000  |
+------------+------------+------------+------------+------------+------------+------------+------------+------------+------------+------------+------------+------------+------------+------------+------------+------------+------------+------------+------------+------------+
|   alpha2   |  0.000000  |  0.000000  |  0.000000  |  0.006644  |  0.007235  |  0.000000  |  0.000946  |  0.000000  |  0.000210  |  0.000000  |  0.034382  |  0.000421  |  0.002012  |  0.912537  |  0.035600  |  0.000000  |  0.000000  |  0.000000  |  0.000012  |  0.000000  |
+------------+------------+------------+------------+------------+------------+------------+------------+------------+------------+------------+------------+------------+------------+------------+------------+------------+------------+------------+------------+------------+
|   alpha4   |  0.000000  |  0.000000  |  0.000000  |  0.000007  |  0.007591  |  0.000000  |  0.000035  |  0.000000  |  0.000000  |  0.000000  |  0.006473  |  0.000015  |  0.002328  |  0.038014  |  0.945534  |  0.000000  |  0.000000  |  0.000001  |  0.000000  |  0.000000  |
+------------+------------+------------+------------+------------+------------+------------+------------+------------+------------+------------+------------+------------+------------+------------+------------+------------+------------+------------+------------+------------+
|   beta8    |  0.000000  |  0.000000  |  0.000000  |  0.000000  |  0.000040  |  0.000000  |  0.000001  |  0.000000  |  0.000000  |  0.459937  |  0.000030  |  0.000002  |  0.000032  |  0.000001  |  0.000000  |  0.539956  |  0.000000  |  0.000000  |  0.000001  |  0.000000  |
+------------+------------+------------+------------+------------+------------+------------+------------+------------+------------+------------+------------+------------+------------+------------+------------+------------+------------+------------+------------+------------+
|   beta12   |  0.000000  |  0.000000  |  0.000000  |  0.000000  |  0.000000  |  0.000000  |  0.000000  |  0.000000  |  0.000000  |  0.000002  |  0.000000  |  0.000000  |  0.000000  |  0.000000  |  0.000000  |  0.000000  |  0.999998  |  0.000000  |  0.000000  |  0.000000  |
+------------+------------+------------+------------+------------+------------+------------+------------+------------+------------+------------+------------+------------+------------+------------+------------+------------+------------+------------+------------+------------+
|   alpha1   |  0.000000  |  0.000000  |  0.000000  |  0.000000  |  0.000000  |  0.000000  |  0.000000  |  0.000000  |  0.000000  |  0.000000  |  0.000000  |  0.000000  |  0.000000  |  0.000000  |  0.000010  |  0.000000  |  0.000000  |  0.999990  |  0.000000  |  0.000000  |
+------------+------------+------------+------------+------------+------------+------------+------------+------------+------------+------------+------------+------------+------------+------------+------------+------------+------------+------------+------------+------------+
|   beta5    |  0.000000  |  0.000000  |  0.000000  |  0.000000  |  0.002837  |  0.000090  |  0.000390  |  0.000000  |  0.000002  |  0.000002  |  0.005147  |  0.287857  |  0.002110  |  0.000010  |  0.000000  |  0.000001  |  0.000000  |  0.000000  |  0.701554  |  0.000000  |
+------------+------------+------------+------------+------------+------------+------------+------------+------------+------------+------------+------------+------------+------------+------------+------------+------------+------------+------------+------------+------------+
|   delta4   |  0.000000  |  0.000000  |  0.000000  |  0.000000  |  0.000000  |  0.000000  |  0.000000  |  0.000000  |  0.000000  |  0.000000  |  0.000000  |  0.000000  |  0.000000  |  0.000000  |  0.000000  |  0.000000  |  0.000000  |  0.000000  |  0.000000  |  1.000000  |
+------------+------------+------------+------------+------------+------------+------------+------------+------------+------------+------------+------------+------------+------------+------------+------------+------------+------------+------------+------------+------------+
